 EXIT FROM PSQP :
 NIT=1000  NFV=1007  NFG=1001  F= 1.08532      C=0.1E-03  G=0.2E+01  ITERM= 11
 X= 0.1210219E-02  0.5610994E-02  0.1189272E-01  0.1745935E-01  0.2273110E-01
    0.2721499E-01  0.3134926E-01  0.3492313E-01  0.3782041E-01  0.4033130E-01
    0.4180756E-01  0.4264316E-01  0.4289714E-01  0.4219501E-01  0.4134941E-01
    0.3935855E-01  0.3726176E-01  0.3459471E-01  0.3146707E-01  0.2816871E-01
    0.2491914E-01  0.2168221E-01  0.1849861E-01  0.1550138E-01  0.1249116E-01
    0.1252323E-01  0.8146149E-02  0.6367990E-02  0.4665643E-02  0.3321464E-02
    0.1497132E-02  0.3653581E-02 -0.2653806E-02 -0.7537439E-02 -0.1417829E-01
   -0.2075323E-01 -0.2718577E-01 -0.3308518E-01 -0.3873962E-01 -0.4349276E-01
   -0.4750714E-01 -0.5045805E-01 -0.5267621E-01 -0.5390525E-01 -0.5470530E-01
   -0.5390344E-01 -0.5241974E-01 -0.5035575E-01 -0.4851880E-01 -0.4525936E-01
   -0.4106134E-01 -0.3712232E-01 -0.3303037E-01 -0.2886817E-01 -0.2486727E-01
   -0.2116897E-01 -0.1760489E-01 -0.1432863E-01 -0.1157098E-01 -0.9019146E-02
   -0.6617468E-02 -0.4751734E-02 -0.2854230E-02 -0.7996099E-03  0.2132411E-02
    0.7781363E-02  0.1586468E-01  0.2343401E-01  0.3066227E-01  0.3765466E-01
    0.4444241E-01  0.5037540E-01  0.5580395E-01  0.6296021E-01  0.6839855E-01
    0.7220665E-01  0.7633084E-01  0.7915969E-01  0.8164396E-01  0.8263007E-01
    0.8249303E-01  0.8153591E-01  0.7934097E-01  0.7649819E-01  0.7214695E-01
    0.6784210E-01  0.6194067E-01  0.5632231E-01  0.4967483E-01  0.4328246E-01
    0.3708204E-01  0.3113754E-01  0.2520873E-01  0.1851629E-01  0.9654733E-02
    0.9442390E-02 -0.3530467E-02 -0.9606147E-02 -0.1779695E-01 -0.2618564E-01
   -0.3417611E-01 -0.4167931E-01 -0.4862895E-01 -0.5454711E-01 -0.5945397E-01
   -0.6308864E-01 -0.6527106E-01 -0.6639670E-01 -0.6710047E-01 -0.6584685E-01
   -0.6332239E-01 -0.6017200E-01 -0.5689547E-01 -0.5228295E-01 -0.4650906E-01
   -0.4121947E-01 -0.3538703E-01 -0.2999400E-01 -0.2470282E-01 -0.1986959E-01
   -0.1537055E-01 -0.1182017E-01 -0.9058086E-02 -0.6780714E-02 -0.4853887E-02
   -0.3366933E-02 -0.1968389E-02 -0.1396431E-02  0.1664062E-02  0.6630741E-02
    0.1382898E-01  0.2074453E-01  0.2696822E-01  0.3269879E-01  0.3801457E-01
    0.4249043E-01  0.4671738E-01  0.5091553E-01  0.5406259E-01  0.5622805E-01
    0.5831640E-01  0.5893936E-01  0.5936505E-01  0.5894195E-01  0.5756572E-01
    0.5587497E-01  0.5387510E-01  0.5113402E-01  0.4763875E-01  0.4403213E-01
    0.3992303E-01  0.3577647E-01  0.3096873E-01  0.2645448E-01  0.2225991E-01
    0.1817861E-01  0.1426626E-01  0.1341767E-01  0.6034351E-02  0.2680844E-02
   -0.2162051E-02 -0.5926514E-02 -0.1107233E-01 -0.1603054E-01 -0.2048077E-01
   -0.2395600E-01 -0.2690617E-01 -0.3004853E-01 -0.3079322E-01 -0.3051485E-01
   -0.2889212E-01 -0.2645282E-01 -0.2387255E-01 -0.1987479E-01 -0.1521688E-01
   -0.1033906E-01 -0.5782974E-02 -0.1382993E-02  0.3086010E-02  0.6885328E-02
    0.1058076E-01  0.1291659E-01  0.1461473E-01  0.1590880E-01  0.1704974E-01
    0.1643377E-01  0.1470895E-01  0.1264387E-01  0.1058236E-01  0.1115531E-01
    0.5510957E-02  0.2680844E-02  0.3538822E-02  0.1039587E-01  0.2039363E-01
    0.3030582E-01  0.3971499E-01  0.4896268E-01  0.5744219E-01  0.6490419E-01
    0.7183691E-01  0.7873850E-01  0.8490249E-01  0.8942056E-01  0.9300078E-01
    0.9548819E-01  0.9682360E-01  0.9707920E-01  0.9610272E-01  0.9429323E-01
    0.9131876E-01  0.8715836E-01  0.8259822E-01  0.7744249E-01  0.7119057E-01
    0.6482505E-01  0.5784095E-01  0.5073094E-01  0.4379122E-01  0.3699099E-01
    0.3386981E-01  0.2224213E-01  0.1259019E-01  0.5906229E-02 -0.1365398E-02
   -0.2457632E-02 -0.4220898E-02 -0.5619237E-02 -0.6610168E-02 -0.6875376E-02
   -0.6729428E-02 -0.6330343E-02 -0.5378462E-02 -0.3712431E-02 -0.1083035E-02
    0.1720193E-02  0.4685443E-02  0.7603563E-02  0.1057262E-01  0.1201482E-01
    0.1648956E-01  0.1857815E-01  0.2066412E-01  0.2215019E-01  0.2357846E-01
    0.2359241E-01  0.2298548E-01  0.2216891E-01  0.2131648E-01  0.1938611E-01
    0.1666340E-01  0.1379284E-01  0.1122176E-01  0.8525644E-02  0.5307126E-02
    0.1656265E-02  0.2361170E-02  0.8232050E-02  0.1676505E-01  0.2501422E-01
    0.3252697E-01  0.3955758E-01  0.4610383E-01  0.5167180E-01  0.5684696E-01
    0.6156026E-01  0.6481367E-01  0.6721635E-01  0.6916320E-01  0.6930817E-01
    0.6914741E-01  0.6811036E-01  0.6586482E-01  0.6314046E-01  0.6001126E-01
    0.5627409E-01  0.5171155E-01  0.4733240E-01  0.4206605E-01  0.3720266E-01
    0.3186580E-01  0.2684085E-01  0.2226068E-01  0.1783651E-01  0.1397439E-01
    0.1023720E-01  0.8753702E-02  0.2095368E-02 -0.2412315E-02 -0.7074415E-02
   -0.1339038E-01 -0.1968311E-01 -0.2537565E-01 -0.3032641E-01 -0.3465590E-01
   -0.3814817E-01 -0.4097677E-01 -0.4210142E-01 -0.4202902E-01 -0.4137703E-01
   -0.3989884E-01 -0.3695567E-01 -0.3315442E-01 -0.3011424E-01 -0.2507786E-01
   -0.2065614E-01 -0.1594900E-01 -0.1157840E-01 -0.7348283E-02 -0.3894122E-02
   -0.9672045E-03  0.2919629E-03  0.3977541E-02  0.4916443E-02  0.5027690E-02
    0.4720707E-02  0.4231874E-02  0.3262555E-02  0.2430435E-02  0.1302985E-02
     2.567113       7.320000       1.250000       3.600000       18.00000    
     29.32948       6.996525       40.16197       37.18698       1.635685    
    0.1236737     -0.7300936      -2.905974       1.031911    
