 EXIT FROM PSQP :
 NIT=1000  NFV=1002  NFG=1001  F=0.700390      C=0.4E-03  G=0.5E+00  ITERM= 11
 X= 0.2577657      0.2715298      0.3037100      0.3346152      0.3580342    
    0.3568468      0.3584371      0.3443148      0.3232782      0.2977069    
    0.2696026      0.2438467      0.2243612      0.2235463      0.2249359    
    0.2489320      0.9046774E-01  0.1009587      0.1032174      0.1044619    
    0.7927601E-01  0.4364719E-01  0.6008391E-02 -0.2516183E-01 -0.2685205E-01
   -0.2828260E-01 -0.2983073E-01 -0.3010655E-01  0.1713035E-02  0.3865063E-01
    0.7215316E-01  0.9756832E-01  0.4271516      0.4385035      0.4755759    
    0.5089687      0.5157644      0.4983280      0.4976277      0.4970133    
    0.4940702      0.4700781      0.4369570      0.4085928      0.3961536    
    0.3972988      0.4130374      0.4241261      0.8866877E-01  0.1005740    
    0.9811935E-01  0.8346101E-01  0.5161955E-01  0.1758623E-01  0.1008660E-01
    0.6931261E-02 -0.7005919E-02 -0.1869113E-01 -0.2131632E-01 -0.1222075E-01
    0.2351382E-01  0.6160994E-01  0.8183881E-01  0.8430836E-01  0.5875898    
    0.5998231      0.6412627      0.6786415      0.6874938      0.6679525    
    0.6667656      0.6650264      0.6592641      0.6346164      0.5995722    
    0.5705386      0.5532069      0.5594882      0.5726692      0.5845919    
    0.7444907E-01  0.8309068E-01  0.7724163E-01  0.7053435E-01  0.4492157E-01
    0.1895294E-01  0.1334547E-01  0.1028904E-01 -0.7355038E-03 -0.9231648E-02
   -0.1191333E-01 -0.2788968E-02  0.2494340E-01  0.5480372E-01  0.6843478E-01
    0.7115769E-01  0.2747935      0.2973950      0.3156382      0.3276895    
    0.3311372      0.3306692      0.3303209      0.3244516      0.3078095    
    0.2870398      0.2690439      0.2560073      0.2500058      0.2483076    
    0.2491962      0.2555874      0.8115749E-01  0.8105813E-01  0.7688804E-01
    0.6774308E-01  0.5236142E-01  0.3351710E-01  0.1344812E-01 -0.2152284E-02
   -0.7790732E-02 -0.8924423E-02 -0.9324768E-02 -0.3649195E-02  0.1547406E-01
    0.3987445E-01  0.6086689E-01  0.7560073E-01  0.4407511      0.4597722    
    0.4768175      0.4886603      0.4920404      0.4915393      0.4904987    
    0.4850736      0.4705634      0.4524397      0.4364999      0.4249885    
    0.4202875      0.4192860      0.4201648      0.4252717      0.7923333E-01
    0.7913181E-01  0.7686352E-01  0.6982583E-01  0.5513118E-01  0.3644109E-01
    0.1754170E-01  0.3092995E-02 -0.2004823E-02 -0.3108389E-02 -0.3741303E-02
    0.1215809E-02  0.1999012E-01  0.4367623E-01  0.6226983E-01  0.7477754E-01
    0.6035126      0.6255686      0.6446952      0.6575889      0.6609914    
    0.6599117      0.6588861      0.6529665      0.6366765      0.6162895    
    0.5984986      0.5857981      0.5798520      0.5789353      0.5796939    
    0.5854810      0.7017525E-01  0.7020800E-01  0.6670113E-01  0.5919098E-01
    0.4755892E-01  0.3381162E-01  0.1922589E-01  0.7693694E-02  0.3058194E-02
    0.1813120E-02  0.1311044E-02  0.5751522E-02  0.2146895E-01  0.4082584E-01
    0.5585826E-01  0.6599243E-01  0.2739606      0.2952793      0.3145880    
    0.3280098      0.3316832      0.3310137      0.3302988      0.3244781    
    0.3077444      0.2870251      0.2692995      0.2568077      0.2518883    
    0.2510168      0.2515118      0.2568881      0.7947851E-01  0.7897052E-01
    0.7877452E-01  0.7360660E-01  0.5669107E-01  0.3441759E-01  0.1317762E-01
   -0.2457485E-02 -0.7615475E-02 -0.8304456E-02 -0.9231876E-02 -0.4001733E-02
    0.1591661E-01  0.4137765E-01  0.6210710E-01  0.7582882E-01  0.4388873    
    0.4575802      0.4756086      0.4883072      0.4914839      0.4906421    
    0.4908116      0.4874965      0.4747069      0.4570098      0.4388748    
    0.4252267      0.4206943      0.4205129      0.4205178      0.4247282    
    0.7907588E-01  0.7949738E-01  0.7966697E-01  0.7601145E-01  0.6406104E-01
    0.4609896E-01  0.2325489E-01  0.4791217E-02 -0.3202487E-03 -0.3283977E-03
   -0.4817183E-03  0.3266963E-02  0.1707046E-01  0.3677536E-01  0.5735557E-01
    0.7365810E-01  0.6031516      0.6240280      0.6431300      0.6567088    
    0.6607965      0.6604975      0.6595252      0.6534483      0.6369064    
    0.6164556      0.5982648      0.5857529      0.5813265      0.5809504    
    0.5814073      0.5865849      0.6956973E-01  0.6978593E-01  0.6928700E-01
    0.6499986E-01  0.5230675E-01  0.3569664E-01  0.1941236E-01  0.7308818E-02
    0.3583105E-02  0.3258677E-02  0.2795385E-02  0.6697488E-02  0.2102172E-01
    0.3943900E-01  0.5507681E-01  0.6595259E-01
